<?xml version="1.0" encoding="UTF-8"?>
<testsuite xmlns:xsi="http://www.w3.org/2001/XMLSchema-instance" xsi:noNamespaceSchemaLocation="https://maven.apache.org/surefire/maven-surefire-plugin/xsd/surefire-test-report-3.0.xsd" version="3.0" name="com.mycompany.q2exam.MovieTicketsTest" time="0.105" tests="3" errors="0" skipped="0" failures="0">
  <properties>
[...]
</properties>
  <testcase name="ValidationTest_ValidData_ReturnsTrue" classname="com.mycompany.q2exam.MovieTicketsTest" time="0.057"/>
  <testcase name="CalculateTotalTicketPrice_CalculatedSuccessfully" classname="com.mycompany.q2exam.MovieTicketsTest" time="0.004"/>
  <testcase name="ValidationTest_InvalidMovieName_ReturnsFalse" classname="com.mycompany.q2exam.MovieTicketsTest" time="0.002"/>
</testsuite>